This is pdfTeX, Version 3.141592653-2.6-1.40.22 (TeX Live 2022/dev/Debian) (preloaded format=pdflatex 2023.7.13)  6 FEB 2024 16:48
entering extended mode
 restricted \write18 enabled.
 file:line:error style messages enabled.
 %&-line parsing enabled.
**/home/robert/dla-collagen/Paper/main.tex
(/home/robert/dla-collagen/Paper/main.tex
LaTeX2e <2021-11-15> patch level 1
L3 programming layer <2022-01-21> (/usr/share/texlive/texmf-dist/tex/latex/base/article.cls
Document Class: article 2021/10/04 v1.4n Standard LaTeX document class
(/usr/share/texlive/texmf-dist/tex/latex/base/size10.clo
File: size10.clo 2021/10/04 v1.4n Standard LaTeX file (size option)
)
\c@part=\count185
\c@section=\count186
\c@subsection=\count187
\c@subsubsection=\count188
\c@paragraph=\count189
\c@subparagraph=\count190
\c@figure=\count191
\c@table=\count192
\abovecaptionskip=\skip47
\belowcaptionskip=\skip48
\bibindent=\dimen138
) (/usr/share/texlive/texmf-dist/tex/latex/graphics/graphicx.sty
Package: graphicx 2021/09/16 v1.2d Enhanced LaTeX Graphics (DPC,SPQR)
 (/usr/share/texlive/texmf-dist/tex/latex/graphics/keyval.sty
Package: keyval 2014/10/28 v1.15 key=value parser (DPC)
\KV@toks@=\toks16
) (/usr/share/texlive/texmf-dist/tex/latex/graphics/graphics.sty
Package: graphics 2021/03/04 v1.4d Standard LaTeX Graphics (DPC,SPQR)
 (/usr/share/texlive/texmf-dist/tex/latex/graphics/trig.sty
Package: trig 2021/08/11 v1.11 sin cos tan (DPC)
) (/usr/share/texlive/texmf-dist/tex/latex/graphics-cfg/graphics.cfg
File: graphics.cfg 2016/06/04 v1.11 sample graphics configuration
)
Package graphics Info: Driver file: pdftex.def on input line 107.
 (/usr/share/texlive/texmf-dist/tex/latex/graphics-def/pdftex.def
File: pdftex.def 2020/10/05 v1.2a Graphics/color driver for pdftex
))
\Gin@req@height=\dimen139
\Gin@req@width=\dimen140
) (/usr/share/texlive/texmf-dist/tex/latex/natbib/natbib.sty
Package: natbib 2010/09/13 8.31b (PWD, AO)
\bibhang=\skip49
\bibsep=\skip50
LaTeX Info: Redefining \cite on input line 694.
\c@NAT@ctr=\count193
) (/usr/share/texlive/texmf-dist/tex/latex/float/float.sty
Package: float 2001/11/08 v1.3d Float enhancements (AL)
\c@float@type=\count194
\float@exts=\toks17
\float@box=\box50
\@float@everytoks=\toks18
\@floatcapt=\box51
) (/usr/share/texlive/texmf-dist/tex/latex/l3backend/l3backend-pdftex.def
File: l3backend-pdftex.def 2022-01-12 L3 backend support: PDF output (pdfTeX)
\l__color_backend_stack_int=\count195
\l__pdf_internal_box=\box52
) (./main.aux

LaTeX Warning: Label `' multiply defined.


LaTeX Warning: Label `' multiply defined.


LaTeX Warning: Label `' multiply defined.


LaTeX Warning: Label `' multiply defined.


LaTeX Warning: Label `' multiply defined.


LaTeX Warning: Label `' multiply defined.

)
\openout1 = `main.aux'.

LaTeX Font Info:    Checking defaults for OML/cmm/m/it on input line 11.
LaTeX Font Info:    ... okay on input line 11.
LaTeX Font Info:    Checking defaults for OMS/cmsy/m/n on input line 11.
LaTeX Font Info:    ... okay on input line 11.
LaTeX Font Info:    Checking defaults for OT1/cmr/m/n on input line 11.
LaTeX Font Info:    ... okay on input line 11.
LaTeX Font Info:    Checking defaults for T1/cmr/m/n on input line 11.
LaTeX Font Info:    ... okay on input line 11.
LaTeX Font Info:    Checking defaults for TS1/cmr/m/n on input line 11.
LaTeX Font Info:    ... okay on input line 11.
LaTeX Font Info:    Checking defaults for OMX/cmex/m/n on input line 11.
LaTeX Font Info:    ... okay on input line 11.
LaTeX Font Info:    Checking defaults for U/cmr/m/n on input line 11.
LaTeX Font Info:    ... okay on input line 11.
 (/usr/share/texlive/texmf-dist/tex/context/base/mkii/supp-pdf.mkii
[Loading MPS to PDF converter (version 2006.09.02).]
\scratchcounter=\count196
\scratchdimen=\dimen141
\scratchbox=\box53
\nofMPsegments=\count197
\nofMParguments=\count198
\everyMPshowfont=\toks19
\MPscratchCnt=\count199
\MPscratchDim=\dimen142
\MPnumerator=\count266
\makeMPintoPDFobject=\count267
\everyMPtoPDFconversion=\toks20
) (/usr/share/texlive/texmf-dist/tex/latex/epstopdf-pkg/epstopdf-base.sty
Package: epstopdf-base 2020-01-24 v2.11 Base part for package epstopdf
Package epstopdf-base Info: Redefining graphics rule for `.eps' on input line 485.
 (/usr/share/texlive/texmf-dist/tex/latex/latexconfig/epstopdf-sys.cfg
File: epstopdf-sys.cfg 2010/07/13 v1.3 Configuration of (r)epstopdf for TeX Live
))
LaTeX Font Info:    External font `cmex10' loaded for size
(Font)              <12> on input line 13.
LaTeX Font Info:    External font `cmex10' loaded for size
(Font)              <8> on input line 13.
LaTeX Font Info:    External font `cmex10' loaded for size
(Font)              <6> on input line 13.
LaTeX Font Info:    External font `cmex10' loaded for size
(Font)              <7> on input line 17.
LaTeX Font Info:    External font `cmex10' loaded for size
(Font)              <5> on input line 17.

Underfull \hbox (badness 10000) in paragraph at lines 17--19

 []


Underfull \hbox (badness 10000) in paragraph at lines 20--22

 []


Overfull \hbox (15.08282pt too wide) in paragraph at lines 23--25
[]\OT1/cmr/m/n/10 As mol^^Seculas de col^^Sageno tipo I pos-suem, in-trisi-ca-mente, a in-forma^^Xc~ao necess^^Saria
 []


Underfull \hbox (badness 10000) in paragraph at lines 23--25

 []


Underfull \hbox (badness 10000) in paragraph at lines 26--28

 []


Overfull \hbox (6.16737pt too wide) in paragraph at lines 33--34
\OT1/cmr/m/n/10 Em nosso tra-balho, nos tive-mos duas eta-pas de-sen-volvi-das: Mod-elo para forma^^Xc~ao
 []


Underfull \hbox (badness 10000) in paragraph at lines 37--39

 []

[1

{/var/lib/texmf/fonts/map/pdftex/updmap/pdftex.map}]
Underfull \hbox (badness 10000) in paragraph at lines 40--42

 []


Underfull \hbox (badness 10000) in paragraph at lines 44--46

 []

[2]

LaTeX Warning: Reference `R2' on page 3 undefined on input line 78.

<figures/fibrils.png, id=16, 598.1547pt x 723.9045pt>
File: figures/fibrils.png Graphic file (type png)
<use figures/fibrils.png>
Package pdftex.def Info: figures/fibrils.png  used on input line 82.
(pdftex.def)             Requested size: 345.0pt x 417.54526pt.
[3] [4 <./figures/fibrils.png>]
<figures/cs_all.png, id=26, 560.5743pt x 684.3969pt>
File: figures/cs_all.png Graphic file (type png)
<use figures/cs_all.png>
Package pdftex.def Info: figures/cs_all.png  used on input line 94.
(pdftex.def)             Requested size: 345.0pt x 421.20966pt.
 [5]
<figures/fd_ts.png, id=30, 428.92245pt x 315.579pt>
File: figures/fd_ts.png Graphic file (type png)
<use figures/fd_ts.png>
Package pdftex.def Info: figures/fd_ts.png  used on input line 101.
(pdftex.def)             Requested size: 345.0pt x 253.84071pt.
 [6 <./figures/cs_all.png>]
<figures/stress_strain.png, id=35, 398.32816pt x 324.9741pt>
File: figures/stress_strain.png Graphic file (type png)
<use figures/stress_strain.png>
Package pdftex.def Info: figures/stress_strain.png  used on input line 116.
(pdftex.def)             Requested size: 345.0pt x 281.4756pt.
 [7 <./figures/fd_ts.png>]
<figures/sigma_rho.png, id=42, 398.32816pt x 324.9741pt>
File: figures/sigma_rho.png Graphic file (type png)
<use figures/sigma_rho.png>
Package pdftex.def Info: figures/sigma_rho.png  used on input line 131.
(pdftex.def)             Requested size: 345.0pt x 281.4756pt.
 [8 <./figures/stress_strain.png>]

LaTeX Warning: Reference `*' on page 9 undefined on input line 140.

<figures/ava.png, id=47, 412.30035pt x 311.2428pt>
File: figures/ava.png Graphic file (type png)
<use figures/ava.png>
Package pdftex.def Info: figures/ava.png  used on input line 152.
(pdftex.def)             Requested size: 345.0pt x 260.44958pt.
[9 <./figures/sigma_rho.png>]
<figures/box_plot_length.png, id=52, 423.984pt x 316.5426pt>
File: figures/box_plot_length.png Graphic file (type png)
<use figures/box_plot_length.png>
Package pdftex.def Info: figures/box_plot_length.png  used on input line 170.
(pdftex.def)             Requested size: 345.0pt x 257.58145pt.
 [10 <./figures/ava.png>]
<figures/particles_distance.png, id=57, 423.7431pt x 316.5426pt>
File: figures/particles_distance.png Graphic file (type png)
<use figures/particles_distance.png>
Package pdftex.def Info: figures/particles_distance.png  used on input line 179.
(pdftex.def)             Requested size: 345.0pt x 257.73119pt.


LaTeX Warning: `h' float specifier changed to `ht'.

<figures/dens_ts.png, id=58, 404.712pt x 317.2653pt>
File: figures/dens_ts.png Graphic file (type png)
<use figures/dens_ts.png>
Package pdftex.def Info: figures/dens_ts.png  used on input line 188.
(pdftex.def)             Requested size: 345.0pt x 270.47072pt.
[11 <./figures/box_plot_length.png>]
Overfull \vbox (162.09079pt too high) has occurred while \output is active []

 [12 <./figures/particles_distance.png> <./figures/dens_ts.png>]
<figures/force_ts.png, id=68, 417.7206pt x 317.2653pt>
File: figures/force_ts.png Graphic file (type png)
<use figures/force_ts.png>
Package pdftex.def Info: figures/force_ts.png  used on input line 201.
(pdftex.def)             Requested size: 345.0pt x 262.03273pt.
<figures/force_dens.png, id=69, 417.7206pt x 317.2653pt>
File: figures/force_dens.png Graphic file (type png)
<use figures/force_dens.png>
Package pdftex.def Info: figures/force_dens.png  used on input line 210.
(pdftex.def)             Requested size: 345.0pt x 262.03273pt.
 [13 <./figures/force_ts.png>]
File: figures/stress_strain.png Graphic file (type png)
<use figures/stress_strain.png>
Package pdftex.def Info: figures/stress_strain.png  used on input line 219.
(pdftex.def)             Requested size: 345.0pt x 281.4756pt.
 [14 <./figures/force_dens.png>]
<figures/ln_stress_strain.png, id=79, 411.2163pt x 317.2653pt>
File: figures/ln_stress_strain.png Graphic file (type png)
<use figures/ln_stress_strain.png>
Package pdftex.def Info: figures/ln_stress_strain.png  used on input line 228.
(pdftex.def)             Requested size: 345.0pt x 266.19121pt.
 [15] (./main.bbl [16 <./figures/ln_stress_strain.png>]) [17] (./main.aux)

LaTeX Warning: There were undefined references.


LaTeX Warning: There were multiply-defined labels.

 ) 
Here is how much of TeX's memory you used:
 1864 strings out of 478287
 29587 string characters out of 5849289
 325749 words of memory out of 5000000
 20071 multiletter control sequences out of 15000+600000
 473860 words of font info for 43 fonts, out of 8000000 for 9000
 1141 hyphenation exceptions out of 8191
 55i,6n,62p,1000b,230s stack positions out of 5000i,500n,10000p,200000b,80000s
</usr/share/texlive/texmf-dist/fonts/type1/public/amsfonts/cm/cmbx10.pfb></usr/share/texlive/texmf-dist/fonts/type1/public/amsfonts/cm/cmbx12.pfb></usr/share/texlive/texmf-dist/fonts/type1/public/amsfonts/cm/cmmi10.pfb></usr/share/texlive/texmf-dist/fonts/type1/public/amsfonts/cm/cmmi7.pfb></usr/share/texlive/texmf-dist/fonts/type1/public/amsfonts/cm/cmr10.pfb></usr/share/texlive/texmf-dist/fonts/type1/public/amsfonts/cm/cmr12.pfb></usr/share/texlive/texmf-dist/fonts/type1/public/amsfonts/cm/cmr17.pfb></usr/share/texlive/texmf-dist/fonts/type1/public/amsfonts/cm/cmr7.pfb></usr/share/texlive/texmf-dist/fonts/type1/public/amsfonts/cm/cmsy10.pfb></usr/share/texlive/texmf-dist/fonts/type1/public/amsfonts/cm/cmti10.pfb>
Output written on main.pdf (17 pages, 2991557 bytes).
PDF statistics:
 134 PDF objects out of 1000 (max. 8388607)
 70 compressed objects within 1 object stream
 0 named destinations out of 1000 (max. 500000)
 61 words of extra memory for PDF output out of 10000 (max. 10000000)

